生成启动时间为 2015/12/17 9:25:14。
     1>项目“F:\GIS\ASPXMVCMap\TestCPP\MyMFCAPP\MyMFCAPP.vcxproj”在节点 5 上(Rebuild 个目标)。
     1>ClCompile:
         D:\Program Files (x86)\Microsoft Visual Studio 14.0\VC\bin\CL.exe /c /ZI /nologo /W3 /WX- /sdl /Od /Oy- /D WIN32 /D _WINDOWS /D _DEBUG /D _UNICODE /D UNICODE /D _AFXDLL /Gm /EHsc /RTC1 /MDd /GS /fp:precise /Zc:wchar_t /Zc:forScope /Zc:inline /Yc"stdafx.h" /Fp"Debug\MyMFCAPP.pch" /Fo"Debug\\" /Fd"Debug\vc140.pdb" /Gd /TP /analyze- /errorReport:prompt stdafx.cpp
         stdafx.cpp
         D:\Program Files (x86)\Microsoft Visual Studio 14.0\VC\bin\CL.exe /c /ZI /nologo /W3 /WX- /sdl /Od /Oy- /D WIN32 /D _WINDOWS /D _DEBUG /D _UNICODE /D UNICODE /D _AFXDLL /Gm /EHsc /RTC1 /MDd /GS /fp:precise /Zc:wchar_t /Zc:forScope /Zc:inline /Yu"stdafx.h" /Fp"Debug\MyMFCAPP.pch" /Fo"Debug\\" /Fd"Debug\vc140.pdb" /Gd /TP /analyze- /errorReport:prompt MyMFCAPP.cpp MyMFCAPPDlg.cpp
         MyMFCAPPDlg.cpp
         MyMFCAPP.cpp
         正在生成代码...
       ResourceCompile:
         C:\Program Files (x86)\Windows Kits\8.1\bin\x86\rc.exe /D _DEBUG /D _UNICODE /D UNICODE /D _AFXDLL /l"0x0804" /IDebug\ /nologo /fo"Debug\MyMFCAPP.res" MyMFCAPP.rc 
       Link:
         D:\Program Files (x86)\Microsoft Visual Studio 14.0\VC\bin\link.exe /ERRORREPORT:PROMPT /OUT:"F:\GIS\ASPXMVCMap\TestCPP\Debug\MyMFCAPP.exe" /INCREMENTAL /NOLOGO /MANIFEST /MANIFESTUAC:"level='asInvoker' uiAccess='false'" /manifest:embed /manifestinput:"D:\Program Files (x86)\Microsoft Visual Studio 14.0\VC\Include\Manifest\dpiaware.manifest" /Debug /PDB:"F:\GIS\ASPXMVCMap\TestCPP\Debug\MyMFCAPP.pdb" /SUBSYSTEM:WINDOWS /TLBID:1 /ENTRY:"wWinMainCRTStartup" /DYNAMICBASE /NXCOMPAT /IMPLIB:"F:\GIS\ASPXMVCMap\TestCPP\Debug\MyMFCAPP.lib" /MACHINE:X86 Debug\MyMFCAPP.res
         Debug\MyMFCAPP.obj
         Debug\MyMFCAPPDlg.obj
         Debug\stdafx.obj
         MyMFCAPP.vcxproj -> F:\GIS\ASPXMVCMap\TestCPP\Debug\MyMFCAPP.exe
     1>已完成生成项目“F:\GIS\ASPXMVCMap\TestCPP\MyMFCAPP\MyMFCAPP.vcxproj”(Rebuild 个目标)的操作。

已成功生成。

已用时间 00:00:03.55
